d:\workspace\c++\directx\directx\directx\x64\debug\vc143.pdb
d:\workspace\c++\directx\directx\directx\x64\debug\vc143.idb
d:\workspace\c++\directx\directx\directx\x64\debug\winmain.obj
d:\workspace\c++\directx\directx\directx\x64\debug\windowmessagemap.obj
d:\workspace\c++\directx\directx\directx\x64\debug\window.obj
d:\workspace\c++\directx\directx\directx\x64\debug\pexception.obj
d:\workspace\c++\directx\directx\directx\x64\debug\keyboard.obj
d:\workspace\c++\directx\directx\directx\x64\debug\mouse.obj
d:\workspace\c++\directx\directx\directx\x64\debug\ptimer.obj
d:\workspace\c++\directx\directx\directx\x64\debug\app.obj
d:\workspace\c++\directx\directx\directx\x64\debug\graphics.obj
d:\workspace\c++\directx\directx\directx\x64\debug\dxerr.obj
d:\workspace\c++\directx\directx\directx\x64\debug\dxgiinfomanager.obj
d:\workspace\c++\directx\directx\directx\x64\debug\drawable.obj
d:\workspace\c++\directx\directx\directx\x64\debug\vertexshader.obj
d:\workspace\c++\directx\directx\directx\x64\debug\vertexbuffer.obj
d:\workspace\c++\directx\directx\directx\x64\debug\transfromcbuf.obj
d:\workspace\c++\directx\directx\directx\x64\debug\topology.obj
d:\workspace\c++\directx\directx\directx\x64\debug\pixelshader.obj
d:\workspace\c++\directx\directx\directx\x64\debug\inputlayout.obj
d:\workspace\c++\directx\directx\directx\x64\debug\indexbuffer.obj
d:\workspace\c++\directx\directx\directx\x64\debug\bindable.obj
d:\workspace\c++\directx\directx\directx\x64\debug\box.obj
d:\workspace\c++\directx\directx\directx\x64\debug\melon.obj
d:\workspace\c++\directx\directx\directx\x64\debug\pyramid.obj
d:\workspace\c++\directx\directx\x64\debug\colorblendps.cso
d:\workspace\c++\directx\directx\directx\colorindexvs.cso
d:\workspace\c++\directx\directx\x64\debug\colorblendvs.cso
d:\workspace\c++\directx\directx\directx\colorindexps.cso
d:\workspace\c++\directx\directx\x64\debug\directx.exe
d:\workspace\c++\directx\directx\directx\x64\debug\directx.ilk
d:\workspace\c++\directx\directx\x64\debug\directx.pdb
d:\workspace\c++\directx\directx\directx\x64\debug\directx.res
d:\workspace\c++\directx\directx\directx\x64\debug\graphics.obj.enc
d:\workspace\c++\directx\directx\directx\x64\debug\directx.tlog\cl.command.1.tlog
d:\workspace\c++\directx\directx\directx\x64\debug\directx.tlog\cl.read.1.tlog
d:\workspace\c++\directx\directx\directx\x64\debug\directx.tlog\cl.write.1.tlog
d:\workspace\c++\directx\directx\directx\x64\debug\directx.tlog\fxc.command.1.tlog
d:\workspace\c++\directx\directx\directx\x64\debug\directx.tlog\fxc.read.1.tlog
d:\workspace\c++\directx\directx\directx\x64\debug\directx.tlog\fxc.write.1.tlog
d:\workspace\c++\directx\directx\directx\x64\debug\directx.tlog\link.command.1.tlog
d:\workspace\c++\directx\directx\directx\x64\debug\directx.tlog\link.read.1.tlog
d:\workspace\c++\directx\directx\directx\x64\debug\directx.tlog\link.write.1.tlog
d:\workspace\c++\directx\directx\directx\x64\debug\directx.tlog\rc.command.1.tlog
d:\workspace\c++\directx\directx\directx\x64\debug\directx.tlog\rc.read.1.tlog
d:\workspace\c++\directx\directx\directx\x64\debug\directx.tlog\rc.write.1.tlog
